2018-01-07 17:06:04 [INFO] Starting minecraft server version 1.5.2
2018-01-07 17:06:10 [INFO] Loading properties
2018-01-07 17:06:10 [INFO] Default game type: SURVIVAL
2018-01-07 17:06:10 [INFO] Generating keypair
2018-01-07 17:06:10 [INFO] Starting Minecraft server on *:25565
2018-01-07 17:06:13 [WARNING] Failed to load operators list: java.io.FileNotFoundException: .\ops.txt (Den angivne fil blev ikke fundet)
2018-01-07 17:06:13 [WARNING] Failed to load white-list: java.io.FileNotFoundException: .\white-list.txt (Den angivne fil blev ikke fundet)
2018-01-07 17:06:13 [INFO] Preparing level "world"
2018-01-07 17:06:13 [INFO] Preparing start region for level 0
2018-01-07 17:06:15 [INFO] Preparing spawn area: 4%
2018-01-07 17:06:16 [INFO] Preparing spawn area: 7%
2018-01-07 17:06:17 [INFO] Preparing spawn area: 16%
2018-01-07 17:06:18 [INFO] Preparing spawn area: 23%
2018-01-07 17:06:19 [INFO] Preparing spawn area: 27%
2018-01-07 17:06:20 [INFO] Preparing spawn area: 35%
2018-01-07 17:06:21 [INFO] Preparing spawn area: 41%
2018-01-07 17:06:22 [INFO] Preparing spawn area: 48%
2018-01-07 17:06:23 [INFO] Preparing spawn area: 55%
2018-01-07 17:06:24 [INFO] Preparing spawn area: 63%
2018-01-07 17:06:29 [INFO] Preparing spawn area: 64%
2018-01-07 17:06:30 [INFO] Preparing spawn area: 74%
2018-01-07 17:06:31 [INFO] Preparing spawn area: 84%
2018-01-07 17:06:33 [INFO] Preparing spawn area: 87%
2018-01-07 17:06:34 [INFO] Preparing spawn area: 96%
2018-01-07 17:06:34 [INFO] Done (21,644s)! For help, type "help" or "?"
2018-01-07 17:06:43 [INFO] beddokiller1[/212.130.125.102:52643] logged in with entity id 1563 at (275.5, 66.0, -117.5)
2018-01-07 17:06:48 [INFO] Hannimis[/127.0.0.1:20586] logged in with entity id 3511 at (282.5, 63.0, -103.5)
2018-01-07 17:06:58 [INFO] Opped Hannimids
2018-01-07 17:06:59 [INFO] Opped Hannimis
2018-01-07 17:07:04 [INFO] [Hannimis: Opped beddokiller1]
2018-01-07 17:07:40 [WARNING] beddokiller1 moved wrongly!
2018-01-07 17:08:04 [WARNING] beddokiller1 moved wrongly!
2018-01-07 17:08:29 [WARNING] beddokiller1 moved wrongly!
2018-01-07 17:08:44 [WARNING] beddokiller1 moved wrongly!
2018-01-07 17:08:44 [WARNING] beddokiller1 moved too quickly! -401.0,2.0,-49.0 (401.0, 2.0, 49.0)
2018-01-07 17:08:44 [WARNING] Can't keep up! Did the system time change, or is the server overloaded?
2018-01-07 17:17:58 [INFO] [Hannimis: Set the time to 0]
2018-01-07 17:37:23 [INFO] [Hannimis: Set own game mode to Survival Mode]
2018-01-07 17:48:18 [INFO] [beddokiller1: Set the time to 23500]
2018-01-07 17:48:33 [INFO] [Hannimis: Set the time to 23569]
2018-01-07 17:48:40 [INFO] [beddokiller1: Set the time to 23498]
2018-01-07 17:51:06 [INFO] [Hannimis: Teleported Hannimis to beddokiller1]
2018-01-07 17:54:49 [INFO] [Hannimis: Toggled downfall]
2018-01-07 17:54:49 [INFO] [beddokiller1: Toggled downfall]
2018-01-07 17:54:51 [INFO] [beddokiller1: Toggled downfall]
2018-01-07 17:54:53 [INFO] [Hannimis: Toggled downfall]
2018-01-07 17:55:02 [INFO] [Hannimis: Toggled downfall]
2018-01-07 17:55:52 [INFO] <Hannimis> 8 + 7 + 5 + 4
2018-01-07 17:59:33 [INFO] [Hannimis: Teleported Hannimis to beddokiller1]
2018-01-07 18:00:13 [INFO] [Hannimis: Teleported Hannimis to beddokiller1]
2018-01-07 18:04:44 [INFO] [beddokiller1: Set the time to 23498]
2018-01-07 18:06:10 [INFO] [Hannimis: Teleported Hannimis to beddokiller1]
2018-01-07 18:15:33 [INFO] [beddokiller1: Set the time to 23498]
2018-01-07 18:16:41 [INFO] <Hannimis> paraglepic
2018-01-07 18:20:56 [INFO] [Hannimis: Teleported Hannimis to beddokiller1]
2018-01-07 18:26:00 [INFO] [beddokiller1: Set the time to 23498]
2018-01-07 18:37:56 [WARNING] Hannimis moved wrongly!
2018-01-07 18:38:21 [INFO] [Hannimis: Set own game mode to Survival Mode]
2018-01-07 18:38:27 [INFO] [Hannimis: Set own game mode to Creative Mode]
2018-01-07 18:38:54 [INFO] Hannimis fell out of the world
2018-01-07 18:40:33 [WARNING] Hannimis moved too quickly! 857.5,-20.0,746.5 (857.5, 20.0, 746.5)
2018-01-07 18:40:33 [WARNING] Can't keep up! Did the system time change, or is the server overloaded?
2018-01-07 18:40:44 [INFO] [Hannimis: Set own game mode to Survival Mode]
2018-01-07 18:40:53 [INFO] [Hannimis: Teleported Hannimis to beddokiller1]
2018-01-07 18:40:55 [INFO] [beddokiller1: Set the time to 23498]
2018-01-07 18:51:48 [INFO] [beddokiller1: Toggled downfall]
2018-01-07 18:51:49 [INFO] [beddokiller1: Set the time to 23498]
2018-01-07 18:51:50 [INFO] [beddokiller1: Toggled downfall]
2018-01-07 18:55:48 [INFO] <Hannimis> skonnert?
2018-01-07 19:01:58 [WARNING] Can't keep up! Did the system time change, or is the server overloaded?
2018-01-07 19:02:59 [INFO] [beddokiller1: Set the time to 23498]
2018-01-07 19:10:10 [INFO] beddokiller1 lost connection: disconnect.quitting
2018-01-07 19:25:41 [INFO] beddokiller1[/212.130.125.102:53075] logged in with entity id 192696 at (350.76249998807924, 66.0, -203.34324264197167)
2018-01-07 19:35:03 [INFO] [beddokiller1: Set the time to 23500]
2018-01-07 19:35:05 [INFO] [Hannimis: Teleported Hannimis to beddokiller1]
2018-01-07 19:46:10 [INFO] [beddokiller1: Set the time to 23500]
2018-01-07 19:46:37 [INFO] [Hannimis: Teleported Hannimis to beddokiller1]
2018-01-07 19:57:26 [INFO] [beddokiller1: Set the time to 23500]
2018-01-07 20:07:53 [INFO] [beddokiller1: Set the time to 23500]
2018-01-07 20:07:59 [INFO] [Hannimis: Teleported Hannimis to beddokiller1]
2018-01-07 20:18:59 [INFO] [Hannimis: Teleported Hannimis to beddokiller1]
2018-01-07 20:19:15 [INFO] [beddokiller1: Set the time to 23500]
2018-01-07 20:23:02 [INFO] [Hannimis: Teleported Hannimis to beddokiller1]
2018-01-07 20:29:53 [INFO] fistermads1[/86.52.184.116:64634] logged in with entity id 265459 at (275.5, 65.0, -109.5)
2018-01-07 20:30:19 [INFO] [beddokiller1: Set the time to 23500]
2018-01-07 20:30:22 [INFO] [Hannimis: Teleported fistermads1 to beddokiller1]
2018-01-07 20:30:24 [INFO] <fistermads1> fuck jer
2018-01-07 20:34:43 [WARNING] Can't keep up! Did the system time change, or is the server overloaded?
2018-01-07 20:35:34 [WARNING] Can't keep up! Did the system time change, or is the server overloaded?
2018-01-07 20:36:14 [WARNING] Can't keep up! Did the system time change, or is the server overloaded?
2018-01-07 20:37:29 [INFO] <Hannimis> boar?P
2018-01-07 20:37:37 [INFO] <Hannimis> BOAR
2018-01-07 20:37:44 [INFO] [beddokiller1: Teleported beddokiller1 to fistermads1]
2018-01-07 20:38:50 [INFO] [beddokiller1: Teleported beddokiller1 to Hannimis]
2018-01-07 20:38:56 [INFO] [beddokiller1: Teleported beddokiller1 to fistermads1]
2018-01-07 20:39:56 [INFO] <fistermads1> niller!
2018-01-07 20:40:01 [INFO] <fistermads1> har brug for en hammer!
2018-01-07 20:40:08 [INFO] <fistermads1> den er i stykker
2018-01-07 20:40:39 [INFO] <Hannimis> Nea
2018-01-07 20:41:32 [INFO] [beddokiller1: Set the time to 23500]
2018-01-07 20:42:23 [INFO] beddokiller1 lost connection: disconnect.quitting
2018-01-07 20:42:26 [INFO] beddokiller1[/212.130.125.102:53299] logged in with entity id 303963 at (353.1001318072731, 66.0, -205.93004949710615)
2018-01-07 20:45:37 [INFO] [beddokiller1: Toggled downfall]
2018-01-07 20:46:18 [INFO] <fistermads1> kom med en skovl
2018-01-07 20:48:10 [INFO] [Hannimis: Teleported Hannimis to beddokiller1]
2018-01-07 20:49:49 [INFO] <fistermads1> kom med den fucking skovl!
2018-01-07 20:50:08 [INFO] [beddokiller1: Teleported beddokiller1 to fistermads1]
2018-01-07 20:50:15 [INFO] [beddokiller1: Teleported beddokiller1 to Hannimis]
2018-01-07 20:50:57 [INFO] [beddokiller1: Teleported beddokiller1 to fistermads1]
2018-01-07 20:51:00 [INFO] [beddokiller1: Teleported beddokiller1 to Hannimis]
2018-01-07 20:53:27 [INFO] [beddokiller1: Banned player fisterma]
2018-01-07 20:55:08 [INFO] [beddokiller1: Set the time to 23500]
2018-01-07 20:57:34 [INFO] [Hannimis: Teleported Hannimis to beddokiller1]
2018-01-07 21:04:03 [INFO] [beddokiller1: Teleported beddokiller1 to Hannimis]
2018-01-07 21:04:11 [INFO] [beddokiller1: Teleported beddokiller1 to fistermads1]
2018-01-07 21:05:37 [INFO] <Hannimis> 64 69 -304
2018-01-07 21:05:40 [INFO] [Hannimis: Teleported Hannimis to beddokiller1]
2018-01-07 21:06:05 [INFO] Hannimis lost connection: disconnect.quitting
2018-01-07 21:06:10 [INFO] Hannimis[/127.0.0.1:24835] logged in with entity id 364303 at (352.34233623418123, 66.0, -205.7787254566092)
2018-01-07 21:06:18 [INFO] [Hannimis: Set own game mode to Survival Mode]
2018-01-07 21:08:22 [INFO] <beddokiller1> 64 69 -304
2018-01-07 21:08:26 [INFO] [Hannimis: Teleported Hannimis to 64,50,69,50,-303,50]
2018-01-07 21:08:43 [INFO] [Hannimis: Teleported Hannimis to beddokiller1]
2018-01-07 21:09:19 [INFO] [Hannimis: Teleported Hannimis to 64,50,69,50,-303,50]
2018-01-07 21:10:52 [INFO] [beddokiller1: Set the time to 23500]
2018-01-07 21:14:24 [INFO] Hannimis was burnt to a crisp whilst fighting Battletower Golem
2018-01-07 21:14:28 [INFO] [Hannimis: Teleported Hannimis to 64,50,69,50,-303,50]
2018-01-07 21:14:33 [INFO] [beddokiller1: Opped fistermads1]
2018-01-07 21:15:15 [INFO] Hannimis fell from a high place
2018-01-07 21:15:20 [INFO] [Hannimis: Teleported Hannimis to 64,50,69,50,-303,50]
2018-01-07 21:15:37 [INFO] [Hannimis: Set own game mode to Creative Mode]
2018-01-07 21:17:55 [INFO] [Hannimis: Teleported fistermads1 to 92,50,2500,50,-303,50]
2018-01-07 21:18:05 [INFO] [Hannimis: Teleported fistermads1 to 92,50,250,50,-303,50]
2018-01-07 21:19:58 [INFO] [Hannimis: Set own game mode to Creative Mode]
2018-01-07 21:19:59 [INFO] [Hannimis: Set own game mode to Survival Mode]
2018-01-07 21:21:02 [INFO] [Hannimis: Teleported fistermads1 to beddokiller1]
2018-01-07 21:21:04 [INFO] [Hannimis: Teleported Hannimis to beddokiller1]
2018-01-07 21:21:35 [WARNING] Hannimis moved wrongly!
2018-01-07 21:21:38 [INFO] [beddokiller1: Set the time to 23500]
2018-01-07 21:22:32 [INFO] Hannimis fell from a high place
2018-01-07 21:22:51 [INFO] [Hannimis: Unable to teleport because players are not in the same dimension]
2018-01-07 21:23:16 [WARNING] Hannimis moved wrongly!
2018-01-07 21:23:26 [WARNING] Hannimis moved too quickly! -1685.5,1.0,577.5 (1685.5, 1.0, 577.5)
2018-01-07 21:23:26 [WARNING] Can't keep up! Did the system time change, or is the server overloaded?
2018-01-07 21:23:34 [INFO] [Hannimis: Teleported Hannimis to beddokiller1]
2018-01-07 21:23:37 [INFO] [Hannimis: Set own game mode to Survival Mode]
2018-01-07 21:23:48 [INFO] [Hannimis: Teleported Hannimis to fistermads1]
2018-01-07 21:23:51 [INFO] Hannimis fell from a high place
2018-01-07 21:23:55 [INFO] [Hannimis: Teleported Hannimis to fistermads1]
2018-01-07 21:23:59 [INFO] fistermads1 fell from a high place
2018-01-07 21:24:07 [INFO] Hannimis fell from a high place
2018-01-07 21:24:07 [INFO] [fistermads1: Teleported fistermads1 to Hannimis]
2018-01-07 21:24:15 [INFO] [Hannimis: Teleported Hannimis to fistermads1]
2018-01-07 21:24:58 [WARNING] Hannimis moved wrongly!
2018-01-07 21:24:59 [WARNING] Hannimis moved wrongly!
2018-01-07 21:25:31 [INFO] [Hannimis: Set own game mode to Survival Mode]
2018-01-07 21:26:52 [INFO] [Hannimis: Game rule has been updated]
2018-01-07 21:27:00 [INFO] Hannimis fell out of the world
2018-01-07 21:27:32 [INFO] [Hannimis: Given 10000 experience to Hannimis]
2018-01-07 21:27:44 [INFO] [Hannimis: Given 100 experience to Hannimis]
2018-01-07 21:27:54 [INFO] [Hannimis: Given 300 levels to Hannimis]
2018-01-07 21:28:01 [INFO] Hannimis fell out of the world
2018-01-07 21:28:10 [INFO] [Hannimis: Given 30 levels to Hannimis]
2018-01-07 21:28:14 [WARNING] Hannimis moved wrongly!
2018-01-07 21:28:28 [WARNING] Hannimis moved wrongly!
2018-01-07 21:28:33 [INFO] [Hannimis: Set own game mode to Survival Mode]
2018-01-07 21:29:50 [INFO] [fistermads1: Teleported fistermads1 to Hannimis]
2018-01-07 21:31:05 [INFO] [beddokiller1: Teleported fistermads1 to beddokiller1]
2018-01-07 21:31:28 [INFO] Hannimis blew up
2018-01-07 21:31:49 [INFO] Stopping the server
2018-01-07 21:31:49 [INFO] Stopping server
2018-01-07 21:31:49 [INFO] Saving players
2018-01-07 21:31:49 [INFO] Closing listening thread
2018-01-07 21:31:49 [INFO] Saving worlds
2018-01-07 21:31:49 [INFO] Saving chunks for level 'world'/Overworld
2018-01-07 21:31:49 [INFO] Saving chunks for level 'world'/Nether
2018-01-07 21:31:49 [INFO] Saving chunks for level 'world'/The End
2018-01-07 21:31:49 [INFO] Saving chunks for level 'world'/Twilight Forest
2018-01-07 21:31:51 [INFO] Stopping server
2018-01-07 21:31:51 [INFO] Saving players
2018-01-07 21:31:51 [INFO] Saving worlds
2018-01-07 21:32:11 [INFO] Starting minecraft server version 1.5.2
2018-01-07 21:32:17 [INFO] Loading properties
2018-01-07 21:32:17 [INFO] Default game type: SURVIVAL
2018-01-07 21:32:17 [INFO] Generating keypair
2018-01-07 21:32:17 [INFO] Starting Minecraft server on *:25565
2018-01-07 21:32:20 [INFO] Preparing level "world"
2018-01-07 21:32:20 [INFO] Preparing start region for level 0
2018-01-07 21:32:21 [INFO] Done (1,137s)! For help, type "help" or "?"
2018-01-07 21:32:25 [INFO] Hannimis[/127.0.0.1:25170] logged in with entity id 3271 at (347.69999998807907, 65.0, -201.14734998992213)
2018-01-07 21:32:30 [INFO] beddokiller1[/212.130.125.102:53453] logged in with entity id 3592 at (353.8076794005431, 66.0, -195.0329113452941)
2018-01-07 21:33:09 [INFO] [Hannimis: Stopping the server]
2018-01-07 21:33:09 [INFO] Stopping server
2018-01-07 21:33:09 [INFO] Saving players
2018-01-07 21:33:09 [INFO] Closing listening thread
2018-01-07 21:33:09 [INFO] Saving worlds
2018-01-07 21:33:09 [INFO] Saving chunks for level 'world'/Overworld
2018-01-07 21:33:09 [INFO] Saving chunks for level 'world'/Nether
2018-01-07 21:33:09 [INFO] Saving chunks for level 'world'/The End
2018-01-07 21:33:09 [INFO] Saving chunks for level 'world'/Twilight Forest
2018-01-07 21:33:09 [INFO] Saving chunks for level 'world'/Limbo
2018-01-07 21:33:10 [INFO] Stopping server
2018-01-07 21:33:10 [INFO] Saving players
2018-01-07 21:33:10 [INFO] Saving worlds
2018-01-07 21:33:20 [INFO] Starting minecraft server version 1.5.2
2018-01-07 21:33:26 [INFO] Loading properties
2018-01-07 21:33:26 [INFO] Default game type: SURVIVAL
2018-01-07 21:33:26 [INFO] Generating keypair
2018-01-07 21:33:26 [INFO] Starting Minecraft server on *:25565
2018-01-07 21:33:29 [INFO] Preparing level "world"
2018-01-07 21:33:29 [INFO] Preparing start region for level 0
2018-01-07 21:33:35 [INFO] Preparing spawn area: 4%
2018-01-07 21:33:36 [INFO] Preparing spawn area: 9%
2018-01-07 21:33:37 [INFO] Preparing spawn area: 18%
2018-01-07 21:33:38 [INFO] Preparing spawn area: 28%
2018-01-07 21:33:39 [INFO] Preparing spawn area: 35%
2018-01-07 21:33:40 [INFO] Preparing spawn area: 44%
2018-01-07 21:33:41 [INFO] Preparing spawn area: 51%
2018-01-07 21:33:42 [INFO] Preparing spawn area: 63%
2018-01-07 21:33:43 [INFO] Preparing spawn area: 73%
2018-01-07 21:33:44 [INFO] Preparing spawn area: 82%
2018-01-07 21:33:45 [INFO] Preparing spawn area: 92%
2018-01-07 21:33:46 [INFO] Done (16,590s)! For help, type "help" or "?"
2018-01-07 21:33:50 [INFO] Hannimis[/127.0.0.1:25191] logged in with entity id 526 at (257.5, 65.0, 81.5)
2018-01-07 21:33:59 [INFO] [Hannimis: Game rule has been updated]
2018-01-07 21:34:04 [INFO] beddokiller1[/212.130.125.102:53467] logged in with entity id 4933 at (268.5, 67.0, 76.5)
2018-01-07 21:34:10 [INFO] [Hannimis: Game rule has been updated]
2018-01-07 21:34:24 [INFO] fistermads1[/86.52.184.116:52587] logged in with entity id 8812 at (266.5, 67.0, 75.5)
2018-01-07 21:34:44 [INFO] [Hannimis: De-opped fistermads1]
2018-01-07 21:34:48 [INFO] [Hannimis: Opped fistermads1]
2018-01-07 21:34:51 [INFO] [fistermads1: Teleported fistermads1 to beddokiller1]
2018-01-07 21:35:01 [INFO] [fistermads1: Teleported fistermads1 to Hannimis]
2018-01-07 21:35:23 [INFO] [beddokiller1: Set own game mode to Creative Mode]
2018-01-07 21:35:40 [INFO] [fistermads1: Set own game mode to Creative Mode]
2018-01-07 21:35:52 [INFO] [fistermads1: Teleported fistermads1 to beddokiller1]
2018-01-07 21:36:05 [INFO] [Hannimis: Set own game mode to Creative Mode]
2018-01-07 21:36:10 [WARNING] Can't keep up! Did the system time change, or is the server overloaded?
2018-01-07 21:36:40 [INFO] [beddokiller1: Teleported beddokiller1 to fistermads1]
2018-01-07 21:36:45 [WARNING] Can't keep up! Did the system time change, or is the server overloaded?
2018-01-07 21:36:47 [INFO] [Hannimis: Teleported Hannimis to beddokiller1]
2018-01-07 21:37:42 [INFO] [Hannimis: Teleported Hannimis to beddokiller1]
2018-01-07 21:38:06 [INFO] [Hannimis: Teleported Hannimis to beddokiller1]
2018-01-07 21:38:14 [INFO] [fistermads1: Teleported fistermads1 to beddokiller1]
2018-01-07 21:38:40 [INFO] [beddokiller1: Kicked fistermads1 from the game]
2018-01-07 21:38:44 [INFO] fistermads1[/86.52.184.116:53024] logged in with entity id 29745 at (698.1342760438242, 108.14135574069692, 132.31225668110451)
2018-01-07 21:38:53 [INFO] [Hannimis: Kicked fistermads1 from the game: 'GRIEFING NOT TOLERATED']
2018-01-07 21:38:57 [INFO] fistermads1[/86.52.184.116:53043] logged in with entity id 29955 at (714.2790358493316, 75.0, 134.69999998807907)
2018-01-07 21:39:47 [WARNING] Can't keep up! Did the system time change, or is the server overloaded?
2018-01-07 21:40:03 [INFO] [Hannimis: Teleported Hannimis to fistermads1]
2018-01-07 21:40:12 [INFO] [Hannimis: Teleported fistermads1 to Hannimis]
2018-01-07 21:40:26 [INFO] [Hannimis: Teleported fistermads1 to Hannimis]
2018-01-07 21:40:31 [INFO] [Hannimis: Teleported fistermads1 to Hannimis]
2018-01-07 21:40:36 [INFO] [Hannimis: Unable to teleport because players are not in the same dimension]
2018-01-07 21:40:47 [INFO] [beddokiller1: Teleported beddokiller1 to fistermads1]
2018-01-07 21:41:29 [INFO] [Hannimis: Set own game mode to Survival Mode]
2018-01-07 21:41:36 [INFO] fistermads1 fell out of the world
2018-01-07 21:42:04 [INFO] Hannimis fell out of the world
2018-01-07 21:42:44 [INFO] fistermads1 fell out of the world
2018-01-07 21:42:58 [WARNING] Hannimis moved wrongly!
2018-01-07 21:43:02 [INFO] [fistermads1: Teleported fistermads1 to beddokiller1]
2018-01-07 21:43:04 [WARNING] Hannimis moved wrongly!
2018-01-07 21:43:07 [WARNING] Can't keep up! Did the system time change, or is the server overloaded?
2018-01-07 21:43:17 [INFO] [beddokiller1: Kicked fistermads1 from the game]
2018-01-07 21:43:23 [INFO] fistermads1[/86.52.184.116:53439] logged in with entity id 46604 at (829.2979382895693, 107.36933695946747, 283.20323326041614)
2018-01-07 21:43:29 [INFO] [beddokiller1: Kicked fistermads1 from the game]
2018-01-07 21:43:31 [INFO] [Hannimis: Set own game mode to Creative Mode]
2018-01-07 21:43:33 [INFO] fistermads1[/86.52.184.116:53451] logged in with entity id 47389 at (829.2979382895693, 107.36933695946747, 283.20323326041614)
2018-01-07 21:43:54 [WARNING] Hannimis moved too quickly! -77.5,1.0,-1004.5 (77.5, 1.0, 1004.5)
2018-01-07 21:43:55 [WARNING] Can't keep up! Did the system time change, or is the server overloaded?
2018-01-07 21:44:02 [INFO] [beddokiller1: Kicked fistermads1 from the game: 'respect admins']
2018-01-07 21:44:06 [INFO] fistermads1[/86.52.184.116:53487] logged in with entity id 51764 at (829.2979382895693, 107.36933695946747, 283.20323326041614)
2018-01-07 21:44:06 [INFO] [Hannimis: Teleported Hannimis to beddokiller1]
2018-01-07 21:44:09 [WARNING] Can't keep up! Did the system time change, or is the server overloaded?
2018-01-07 21:44:15 [INFO] [fistermads1: Kicked beddokiller1 from the game]
2018-01-07 21:44:21 [INFO] beddokiller1[/212.130.125.102:53498] logged in with entity id 53417 at (977.426793210086, 79.0, 310.5469810624593)
2018-01-07 21:44:26 [INFO] [beddokiller1: De-opped fistermads1]
2018-01-07 21:44:35 [INFO] [beddokiller1: Opped f]
2018-01-07 21:44:37 [INFO] [beddokiller1: Opped fistermads1]
2018-01-07 21:44:48 [INFO] [fistermads1: Set own game mode to Survival Mode]
2018-01-07 21:44:50 [INFO] [fistermads1: Set own game mode to Creative Mode]
2018-01-07 21:44:51 [INFO] [beddokiller1: Opped beddokiller1]
2018-01-07 21:44:58 [INFO] [beddokiller1: Opped beddokiller1]
2018-01-07 21:44:58 [INFO] [beddokiller1: Opped beddokiller1]
2018-01-07 21:44:59 [INFO] [fistermads1: Teleported fistermads1 to beddokiller1]
2018-01-07 21:44:59 [INFO] [beddokiller1: Opped beddokiller1]
2018-01-07 21:45:00 [INFO] [beddokiller1: Opped beddokiller1]
2018-01-07 21:45:00 [INFO] [beddokiller1: Opped beddokiller1]
2018-01-07 21:45:14 [INFO] [beddokiller1: Set the time to 23500]
2018-01-07 21:45:30 [INFO] [fistermads1: Teleported fistermads1 to beddokiller1]
2018-01-07 21:45:32 [INFO] [Hannimis: Teleported fistermads1 to 3545,50,100,50,-26535,50]
2018-01-07 21:45:45 [WARNING] Can't keep up! Did the system time change, or is the server overloaded?
2018-01-07 21:45:49 [INFO] [Hannimis: Teleported Hannimis to beddokiller1]
2018-01-07 21:45:54 [INFO] [fistermads1: Teleported fistermads1 to beddokiller1]
2018-01-07 21:45:56 [WARNING] Can't keep up! Did the system time change, or is the server overloaded?
2018-01-07 21:47:16 [INFO] [fistermads1: Teleported fistermads1 to beddokiller1]
2018-01-07 21:47:16 [INFO] [Hannimis: Teleported Hannimis to beddokiller1]
2018-01-07 21:47:22 [INFO] [Hannimis: Set own game mode to Survival Mode]
2018-01-07 21:47:23 [INFO] [beddokiller1: Set own game mode to Survival Mode]
2018-01-07 21:47:28 [INFO] [fistermads1: Set own game mode to Survival Mode]
2018-01-07 21:49:04 [INFO] [fistermads1: Teleported fistermads1 to beddokiller1]
2018-01-07 21:49:37 [INFO] fistermads1 was shot by Skeleton
2018-01-07 21:49:40 [INFO] [fistermads1: Teleported fistermads1 to beddokiller1]
2018-01-07 21:49:59 [INFO] [Hannimis: Opped Hannimis]
2018-01-07 21:52:46 [INFO] [fistermads1: Teleported fistermads1 to Hannimis]
2018-01-07 21:53:35 [WARNING] Hannimis moved wrongly!
2018-01-07 21:54:21 [INFO] [beddokiller1: Teleported beddokiller1 to fistermads1]
2018-01-07 21:54:50 [INFO] [beddokiller1: Teleported beddokiller1 to Hannimis]
2018-01-07 21:56:36 [INFO] [beddokiller1: Set the time to 23500]
2018-01-07 21:56:51 [INFO] [fistermads1: Teleported fistermads1 to Hannimis]
2018-01-07 21:58:56 [INFO] [Hannimis: Set the time to 12500]
2018-01-07 22:01:36 [INFO] [fistermads1: Teleported fistermads1 to Hannimis]
2018-01-07 22:07:37 [INFO] <Hannimis> botaler
2018-01-07 22:09:47 [INFO] [beddokiller1: Teleported beddokiller1 to fistermads1]
2018-01-07 22:09:54 [INFO] [beddokiller1: Teleported beddokiller1 to Hannimis]
2018-01-07 22:10:48 [INFO] [beddokiller1: Set the time to 23500]
2018-01-07 22:13:24 [INFO] [fistermads1: Teleported fistermads1 to Hannimis]
2018-01-07 22:15:08 [WARNING] Hannimis moved wrongly!
2018-01-07 22:19:17 [INFO] [Hannimis: De-opped fistermads1]
2018-01-07 22:21:16 [INFO] [Hannimis: Teleported Hannimis to beddokiller1]
2018-01-07 22:22:11 [INFO] [beddokiller1: Set the time to 23500]
2018-01-07 22:22:15 [INFO] [Hannimis: Teleported Hannimis to beddokiller1]
2018-01-07 22:23:33 [INFO] [Hannimis: Teleported Hannimis to beddokiller1]
2018-01-07 22:27:05 [INFO] [Hannimis: Teleported fistermads1 to Hannimis]
2018-01-07 22:27:15 [INFO] [Hannimis: Opped fistermads1]
2018-01-07 22:27:45 [INFO] fistermads1 lost connection: disconnect.quitting
2018-01-07 22:33:14 [INFO] [beddokiller1: Set the time to 23500]
2018-01-07 22:36:59 [INFO] [Hannimis: Teleported Hannimis to beddokiller1]
2018-01-07 22:38:15 [INFO] [Hannimis: Teleported Hannimis to beddokiller1]
2018-01-07 22:43:14 [INFO] [beddokiller1: Set the time to 23500]
2018-01-07 22:50:19 [INFO] [Hannimis: Set own game mode to Creative Mode]
2018-01-07 22:51:56 [INFO] [Hannimis: Teleported Hannimis to beddokiller1]
2018-01-07 22:52:02 [INFO] [Hannimis: Set own game mode to Survival Mode]
2018-01-07 22:52:58 [INFO] [Hannimis: Teleported Hannimis to beddokiller1]
2018-01-07 22:53:06 [INFO] [Hannimis: Teleported Hannimis to beddokiller1]
2018-01-07 22:56:25 [INFO] [Hannimis: Teleported Hannimis to beddokiller1]
2018-01-07 22:59:19 [INFO] [beddokiller1: Set the time to 23500]
2018-01-07 23:00:03 [INFO] [Hannimis: Teleported Hannimis to beddokiller1]
2018-01-07 23:01:31 [INFO] beddokiller1 lost connection: disconnect.quitting
2018-01-07 23:01:31 [INFO] [Hannimis: Stopping the server]
2018-01-07 23:01:31 [INFO] Stopping server
2018-01-07 23:01:31 [INFO] Saving players
2018-01-07 23:01:31 [INFO] Closing listening thread
2018-01-07 23:01:31 [INFO] Saving worlds
2018-01-07 23:01:31 [INFO] Saving chunks for level 'world'/Overworld
2018-01-07 23:01:31 [INFO] Saving chunks for level 'world'/Nether
2018-01-07 23:01:31 [INFO] Saving chunks for level 'world'/The End
2018-01-07 23:01:31 [INFO] Saving chunks for level 'world'/Twilight Forest
2018-01-07 23:01:34 [INFO] Stopping server
2018-01-07 23:01:34 [INFO] Saving players
2018-01-07 23:01:34 [INFO] Saving worlds
